[debug] [2023-09-21T12:41:21.440Z] ----------------------------------------------------------------------
[debug] [2023-09-21T12:41:21.445Z] Command:       C:\Program Files\nodejs\node.exe C:\Users\nirma\AppData\Roaming\npm\node_modules\firebase-tools\lib\bin\firebase.js login
[debug] [2023-09-21T12:41:21.446Z] CLI Version:   12.5.4
[debug] [2023-09-21T12:41:21.446Z] Platform:      win32
[debug] [2023-09-21T12:41:21.447Z] Node Version:  v16.17.1
[debug] [2023-09-21T12:41:21.455Z] Time:          Thu Sep 21 2023 18:11:21 GMT+0530 (India Standard Time)
[debug] [2023-09-21T12:41:21.455Z] ----------------------------------------------------------------------
[debug] 
[debug] [2023-09-21T12:41:21.463Z] >>> [apiv2][query] GET https://firebase-public.firebaseio.com/cli.json [none]
[info] Already logged in as 190220131122.projects@gmail.com
[debug] [2023-09-21T12:41:25.870Z] <<< [apiv2][status] GET https://firebase-public.firebaseio.com/cli.json 200
[debug] [2023-09-21T12:41:25.871Z] <<< [apiv2][body] GET https://firebase-public.firebaseio.com/cli.json {"cloudBuildErrorAfter":1594252800000,"cloudBuildWarnAfter":1590019200000,"defaultNode10After":1594252800000,"minVersion":"3.0.5","node8DeploysDisabledAfter":1613390400000,"node8RuntimeDisabledAfter":1615809600000,"node8WarnAfter":1600128000000}
[debug] [2023-09-21T12:41:26.889Z] Error: Timed out.
    at Timeout._onTimeout (C:\Users\nirma\AppData\Roaming\npm\node_modules\firebase-tools\lib\utils.js:254:49)
    at listOnTimeout (node:internal/timers:559:17)
    at processTimers (node:internal/timers:502:7)
[error] 
[error] Error: An unexpected error has occurred.
[debug] [2023-09-21T12:41:50.999Z] ----------------------------------------------------------------------
[debug] [2023-09-21T12:41:51.003Z] Command:       C:\Program Files\nodejs\node.exe C:\Users\nirma\AppData\Roaming\npm\node_modules\firebase-tools\lib\bin\firebase.js init
[debug] [2023-09-21T12:41:51.004Z] CLI Version:   12.5.4
[debug] [2023-09-21T12:41:51.004Z] Platform:      win32
[debug] [2023-09-21T12:41:51.004Z] Node Version:  v16.17.1
[debug] [2023-09-21T12:41:51.006Z] Time:          Thu Sep 21 2023 18:11:51 GMT+0530 (India Standard Time)
[debug] [2023-09-21T12:41:51.007Z] ----------------------------------------------------------------------
[debug] 
[debug] [2023-09-21T12:41:51.021Z] > command requires scopes: ["email","openid","https://www.googleapis.com/auth/cloudplatformprojects.readonly","https://www.googleapis.com/auth/firebase","https://www.googleapis.com/auth/cloud-platform"]
[debug] [2023-09-21T12:41:51.021Z] > authorizing via signed-in user (190220131122.projects@gmail.com)
[info] 
     ######## #### ########  ######## ########     ###     ######  ########
     ##        ##  ##     ## ##       ##     ##  ##   ##  ##       ##
     ######    ##  ########  ######   ########  #########  ######  ######
     ##        ##  ##    ##  ##       ##     ## ##     ##       ## ##
     ##       #### ##     ## ######## ########  ##     ##  ######  ########

You're about to initialize a Firebase project in this directory:

  E:\PROJECTS\s\AngularStore

[info] 
=== Project Setup
[info] 
[info] First, let's associate this project directory with a Firebase project.
[info] You can create multiple project aliases by running firebase use --add, 
[info] but for now we'll just set up a default project.
[info] 
[info] i  If you want to create a project in a Google Cloud organization or folder, please use "firebase projects:create" instead, and return to this command when you've created the project. 
[debug] [2023-09-21T12:43:17.610Z] > refreshing access token with scopes: []
[debug] [2023-09-21T12:43:17.614Z] >>> [apiv2][query] POST https://www.googleapis.com/oauth2/v3/token [none]
[debug] [2023-09-21T12:43:17.614Z] >>> [apiv2][body] POST https://www.googleapis.com/oauth2/v3/token [omitted]
[debug] [2023-09-21T12:43:18.125Z] <<< [apiv2][status] POST https://www.googleapis.com/oauth2/v3/token 200
[debug] [2023-09-21T12:43:18.125Z] <<< [apiv2][body] POST https://www.googleapis.com/oauth2/v3/token [omitted]
[debug] [2023-09-21T12:43:18.152Z] >>> [apiv2][query] POST https://cloudresourcemanager.googleapis.com/v1/projects [none]
[debug] [2023-09-21T12:43:18.152Z] >>> [apiv2][body] POST https://cloudresourcemanager.googleapis.com/v1/projects {"projectId":"123456","name":"Store1"}
[debug] [2023-09-21T12:43:23.190Z] <<< [apiv2][status] POST https://cloudresourcemanager.googleapis.com/v1/projects 400
[debug] [2023-09-21T12:43:23.190Z] <<< [apiv2][body] POST https://cloudresourcemanager.googleapis.com/v1/projects {"error":{"code":400,"message":"field [project_id] has issue [project_id contains invalid characters]","status":"INVALID_ARGUMENT","details":[{"@type":"type.googleapis.com/google.rpc.BadRequest","fieldViolations":[{"field":"project_id","description":"project_id contains invalid characters"}]},{"@type":"type.googleapis.com/google.rpc.Help","links":[{"url":"https://cloud.google.com/resource-manager/reference/rest/v1/projects"}]}]}}
[debug] [2023-09-21T12:43:23.657Z] FirebaseError: HTTP Error: 400, field [project_id] has issue [project_id contains invalid characters]
    at responseToError (C:\Users\nirma\AppData\Roaming\npm\node_modules\firebase-tools\lib\responseToError.js:49:12)
    at RetryOperation._fn (C:\Users\nirma\AppData\Roaming\npm\node_modules\firebase-tools\lib\apiv2.js:285:77)
    at processTicksAndRejections (node:internal/process/task_queues:96:5)
[error] 
[error] Error: Failed to create project. See firebase-debug.log for more info.
[debug] [2023-09-21T12:43:35.494Z] ----------------------------------------------------------------------
[debug] [2023-09-21T12:43:35.498Z] Command:       C:\Program Files\nodejs\node.exe C:\Users\nirma\AppData\Roaming\npm\node_modules\firebase-tools\lib\bin\firebase.js login
[debug] [2023-09-21T12:43:35.499Z] CLI Version:   12.5.4
[debug] [2023-09-21T12:43:35.499Z] Platform:      win32
[debug] [2023-09-21T12:43:35.499Z] Node Version:  v16.17.1
[debug] [2023-09-21T12:43:35.501Z] Time:          Thu Sep 21 2023 18:13:35 GMT+0530 (India Standard Time)
[debug] [2023-09-21T12:43:35.501Z] ----------------------------------------------------------------------
[debug] 
[info] Already logged in as 190220131122.projects@gmail.com
[debug] [2023-09-21T12:43:41.041Z] Error: Timed out.
    at Timeout._onTimeout (C:\Users\nirma\AppData\Roaming\npm\node_modules\firebase-tools\lib\utils.js:254:49)
    at listOnTimeout (node:internal/timers:559:17)
    at processTimers (node:internal/timers:502:7)
[error] 
[error] Error: An unexpected error has occurred.
[debug] [2023-09-21T12:44:01.930Z] ----------------------------------------------------------------------
[debug] [2023-09-21T12:44:01.933Z] Command:       C:\Program Files\nodejs\node.exe C:\Users\nirma\AppData\Roaming\npm\node_modules\firebase-tools\lib\bin\firebase.js init
[debug] [2023-09-21T12:44:01.934Z] CLI Version:   12.5.4
[debug] [2023-09-21T12:44:01.934Z] Platform:      win32
[debug] [2023-09-21T12:44:01.934Z] Node Version:  v16.17.1
[debug] [2023-09-21T12:44:01.936Z] Time:          Thu Sep 21 2023 18:14:01 GMT+0530 (India Standard Time)
[debug] [2023-09-21T12:44:01.937Z] ----------------------------------------------------------------------
[debug] 
[debug] [2023-09-21T12:44:01.953Z] > command requires scopes: ["email","openid","https://www.googleapis.com/auth/cloudplatformprojects.readonly","https://www.googleapis.com/auth/firebase","https://www.googleapis.com/auth/cloud-platform"]
[debug] [2023-09-21T12:44:01.953Z] > authorizing via signed-in user (190220131122.projects@gmail.com)
[info] 
     ######## #### ########  ######## ########     ###     ######  ########
     ##        ##  ##     ## ##       ##     ##  ##   ##  ##       ##
     ######    ##  ########  ######   ########  #########  ######  ######
     ##        ##  ##    ##  ##       ##     ## ##     ##       ## ##
     ##       #### ##     ## ######## ########  ##     ##  ######  ########

You're about to initialize a Firebase project in this directory:

  E:\PROJECTS\s\AngularStore

[info] 
=== Project Setup
[info] 
[info] First, let's associate this project directory with a Firebase project.
[info] You can create multiple project aliases by running firebase use --add, 
[info] but for now we'll just set up a default project.
[info] 
[debug] [2023-09-21T12:44:14.873Z] >>> [apiv2][query] GET https://firebase.googleapis.com/v1beta1/projects pageSize=100
[debug] [2023-09-21T12:44:19.265Z] <<< [apiv2][status] GET https://firebase.googleapis.com/v1beta1/projects 200
[debug] [2023-09-21T12:44:19.266Z] <<< [apiv2][body] GET https://firebase.googleapis.com/v1beta1/projects [omitted]
[info] i  Using project mad-prac11-126f9 (MAD-Prac11) 
[info] 
=== Hosting Setup
[info] 
[info] Your public directory is the folder (relative to your project directory) that
[info] will contain Hosting assets to be uploaded with firebase deploy. If you
[info] have a build process for your assets, use your build's output directory.
[info] 
[debug] [2023-09-21T12:44:37.757Z] >>> [apiv2][query] GET https://www.gstatic.com/firebasejs/releases.json [none]
[debug] [2023-09-21T12:44:38.054Z] <<< [apiv2][status] GET https://www.gstatic.com/firebasejs/releases.json 200
[debug] [2023-09-21T12:44:38.055Z] <<< [apiv2][body] GET https://www.gstatic.com/firebasejs/releases.json {"current":{"version":"10.4.0","browserURL":"https://www.gstatic.com/firebasejs/10.4.0/firebase.js","packageURL":"https://www.gstatic.com/firebasejs/10.4.0/firebase.tgz"},"live":{"version":"10.4","browserURL":"https://www.gstatic.com/firebasejs/live/10.4/firebase.js","packageURL":"https://www.gstatic.com/firebasejs/live/10.4/firebase.tgz"},"components":{"analytics":"https://www.gstatic.com/firebasejs/10.4.0/firebase-analytics.js","app":"https://www.gstatic.com/firebasejs/10.4.0/firebase-app.js","app-check":"https://www.gstatic.com/firebasejs/10.4.0/firebase-app-check.js","auth":"https://www.gstatic.com/firebasejs/10.4.0/firebase-auth.js","auth/cordova":"https://www.gstatic.com/firebasejs/10.4.0/firebase-auth/cordova.js","functions":"https://www.gstatic.com/firebasejs/10.4.0/firebase-functions.js","firestore":"https://www.gstatic.com/firebasejs/10.4.0/firebase-firestore.js","firestore/lite":"https://www.gstatic.com/firebasejs/10.4.0/firebase-firestore/lite.js","installations":"https://www.gstatic.com/firebasejs/10.4.0/firebase-installations.js","storage":"https://www.gstatic.com/firebasejs/10.4.0/firebase-storage.js","performance":"https://www.gstatic.com/firebasejs/10.4.0/firebase-performance.js","remote-config":"https://www.gstatic.com/firebasejs/10.4.0/firebase-remote-config.js","messaging":"https://www.gstatic.com/firebasejs/10.4.0/firebase-messaging.js","messaging/sw":"https://www.gstatic.com/firebasejs/10.4.0/firebase-messaging/sw.js","database":"https://www.gstatic.com/firebasejs/10.4.0/firebase-database.js","firestore.memory":"https://www.gstatic.com/firebasejs/10.4.0/firebase-firestore.memory.js"}}
[info] +  Wrote dist/index.html 
[info] 
[info] i  Didn't detect a .git folder. Assuming E:\PROJECTS\s\AngularStore is the project root. 
[info] i  Authorizing with GitHub to upload your service account to a GitHub repository's secrets store. 
[info] 
[info] Visit this URL on this device to log in:
[info] https://github.com/login/oauth/authorize?client_id=89cf50f02ac6aaed3484&state=926319140&redirect_uri=http%3A%2F%2Flocalhost%3A9005&scope=read%3Auser%20repo%20public_repo
[info] 
[info] Waiting for authentication...
[debug] [2023-09-21T12:44:39.930Z] >>> [apiv2][query] POST https://github.com/login/oauth/access_token [none]
[debug] [2023-09-21T12:44:39.931Z] >>> [apiv2][body] POST https://github.com/login/oauth/access_token [stream]
[debug] [2023-09-21T12:44:40.811Z] <<< [apiv2][status] POST https://github.com/login/oauth/access_token 200
[debug] [2023-09-21T12:44:40.812Z] <<< [apiv2][body] POST https://github.com/login/oauth/access_token {"access_token":"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","token_type":"bearer","scope":"read:user,repo"}
[debug] [2023-09-21T12:44:40.840Z] >>> [apiv2][query] GET https://api.github.com/user [none]
[debug] [2023-09-21T12:44:41.500Z] <<< [apiv2][status] GET https://api.github.com/user 200
[debug] [2023-09-21T12:44:41.500Z] <<< [apiv2][body] GET https://api.github.com/user {"login":"nirmalshah20519","id":73649031,"node_id":"MDQ6VXNlcjczNjQ5MDMx","avatar_url":"https://avatars.githubusercontent.com/u/73649031?v=4","gravatar_id":"","url":"https://api.github.com/users/nirmalshah20519","html_url":"https://github.com/nirmalshah20519","followers_url":"https://api.github.com/users/nirmalshah20519/followers","following_url":"https://api.github.com/users/nirmalshah20519/following{/other_user}","gists_url":"https://api.github.com/users/nirmalshah20519/gists{/gist_id}","starred_url":"https://api.github.com/users/nirmalshah20519/starred{/owner}{/repo}","subscriptions_url":"https://api.github.com/users/nirmalshah20519/subscriptions","organizations_url":"https://api.github.com/users/nirmalshah20519/orgs","repos_url":"https://api.github.com/users/nirmalshah20519/repos","events_url":"https://api.github.com/users/nirmalshah20519/events{/privacy}","received_events_url":"https://api.github.com/users/nirmalshah20519/received_events","type":"User","site_admin":false,"name":"Shah Nirmal Dipakkumar","company":null,"blog":"","location":null,"email":null,"hireable":null,"bio":null,"twitter_username":null,"public_repos":53,"public_gists":0,"followers":4,"following":1,"created_at":"2020-10-29T12:52:10Z","updated_at":"2023-09-21T04:49:22Z","private_gists":0,"total_private_repos":0,"owned_private_repos":0,"disk_usage":242760,"collaborators":0,"two_factor_authentication":false,"plan":{"name":"pro","space":976562499,"collaborators":0,"private_repos":9999}}
[info] 
[info] +  Success! Logged into GitHub as nirmalshah20519 
[info] 
